<?xml version="1.0" encoding="UTF-8"?>
<!-- Generated by org.testng.reporters.JUnitXMLReporter -->
<testsuite hostname="Ranjit" ignored="0" name="Test" tests="8" failures="0" timestamp="23 Jun 2019 18:54:33 GMT" time="1.154" errors="0">
  <testcase name="failedStudents1" time="0.84" classname="excelPrograms.ExcelCodingTest"/>
  <testcase name="highestMarks2" time="0.072" classname="excelPrograms.ExcelCodingTest"/>
  <testcase name="similarMarksInMaths4" time="0.078" classname="excelPrograms.ExcelCodingTest"/>
  <testcase name="topperInPhysics3" time="0.054" classname="excelPrograms.ExcelCodingTest"/>
  <testcase name="countStudents1" time="0.017" classname="excelPrograms.XMLCodingTest"/>
  <testcase name="noOfSalesman4" time="0.006" classname="excelPrograms.XMLCodingTest"/>
  <testcase name="printCities2" time="0.006" classname="excelPrograms.XMLCodingTest"/>
  <testcase name="professionalNames3" time="0.005" classname="excelPrograms.XMLCodingTest"/>
</testsuite> <!-- Test -->
