<?xml version="1.0" encoding="UTF-8"?>
<!-- Generated by org.testng.reporters.JUnitXMLReporter -->
<testsuite hostname="Ranjit" ignored="0" name="Default test" tests="4" failures="0" timestamp="24 Jun 2019 16:49:22 GMT" time="0.392" errors="0">
  <testcase name="failedStudents1" time="0.289" classname="excelPrograms.ExcelCodingTest"/>
  <testcase name="highestMarks2" time="0.017" classname="excelPrograms.ExcelCodingTest"/>
  <testcase name="similarMarksInMaths4" time="0.015" classname="excelPrograms.ExcelCodingTest"/>
  <testcase name="topperInPhysics3" time="0.01" classname="excelPrograms.ExcelCodingTest"/>
</testsuite> <!-- Default test -->
